<?xml version="1.0" encoding="UTF-8"?>
<testsuite name="study.spring.transactional.isolation.IsolationTest" tests="1" skipped="0" failures="0" errors="0" timestamp="2022-09-16T09:27:03" hostname="cjlee-MacBookPro.local" time="3.347">
  <properties/>
  <testcase name="test2()" classname="study.spring.transactional.isolation.IsolationTest" time="3.347"/>
  <system-out><![CDATA[18:26:58.179 [Test worker] DEBUG org.springframework.test.context.BootstrapUtils - Instantiating CacheAwareContextLoaderDelegate from class [org.springframework.test.context.cache.DefaultCacheAwareContextLoaderDelegate]
18:26:58.187 [Test worker] DEBUG org.springframework.test.context.BootstrapUtils - Instantiating BootstrapContext using constructor [public org.springframework.test.context.support.DefaultBootstrapContext(java.lang.Class,org.springframework.test.context.CacheAwareContextLoaderDelegate)]
18:26:58.220 [Test worker] DEBUG org.springframework.test.context.BootstrapUtils - Instantiating TestContextBootstrapper for test class [study.spring.transactional.isolation.IsolationTest] from class [org.springframework.boot.test.context.SpringBootTestContextBootstrapper]
18:26:58.230 [Test worker] INFO org.springframework.boot.test.context.SpringBootTestContextBootstrapper - Neither @ContextConfiguration nor @ContextHierarchy found for test class [study.spring.transactional.isolation.IsolationTest], using SpringBootContextLoader
18:26:58.233 [Test worker] DEBUG org.springframework.test.context.support.AbstractContextLoader - Did not detect default resource location for test class [study.spring.transactional.isolation.IsolationTest]: class path resource [study/spring/transactional/isolation/IsolationTest-context.xml] does not exist
18:26:58.234 [Test worker] DEBUG org.springframework.test.context.support.AbstractContextLoader - Did not detect default resource location for test class [study.spring.transactional.isolation.IsolationTest]: class path resource [study/spring/transactional/isolation/IsolationTestContext.groovy] does not exist
18:26:58.234 [Test worker] INFO org.springframework.test.context.support.AbstractContextLoader - Could not detect default resource locations for test class [study.spring.transactional.isolation.IsolationTest]: no resource found for suffixes {-context.xml, Context.groovy}.
18:26:58.235 [Test worker] INFO org.springframework.test.context.support.AnnotationConfigContextLoaderUtils - Could not detect default configuration classes for test class [study.spring.transactional.isolation.IsolationTest]: IsolationTest does not declare any static, non-private, non-final, nested classes annotated with @Configuration.
18:26:58.277 [Test worker] DEBUG org.springframework.test.context.support.ActiveProfilesUtils - Could not find an 'annotation declaring class' for annotation type [org.springframework.test.context.ActiveProfiles] and class [study.spring.transactional.isolation.IsolationTest]
18:26:58.356 [Test worker] DEBUG org.springframework.context.annotation.ClassPathScanningCandidateComponentProvider - Identified candidate component class: file [/Users/cjlee/Desktop/wooteco/playground/spring-playground/build/classes/java/main/study/spring/Main.class]
18:26:58.357 [Test worker] INFO org.springframework.boot.test.context.SpringBootTestContextBootstrapper - Found @SpringBootConfiguration study.spring.Main for test class study.spring.transactional.isolation.IsolationTest
18:26:58.466 [Test worker] DEBUG org.springframework.boot.test.context.SpringBootTestContextBootstrapper - @TestExecutionListeners is not present for class [study.spring.transactional.isolation.IsolationTest]: using defaults.
18:26:58.466 [Test worker] INFO org.springframework.boot.test.context.SpringBootTestContextBootstrapper - Loaded default TestExecutionListener class names from location [META-INF/spring.factories]: [org.springframework.boot.test.autoconfigure.restdocs.RestDocsTestExecutionListener, org.springframework.boot.test.autoconfigure.web.client.MockRestServiceServerResetTestExecutionListener, org.springframework.boot.test.autoconfigure.web.servlet.MockMvcPrintOnlyOnFailureTestExecutionListener, org.springframework.boot.test.autoconfigure.web.servlet.WebDriverTestExecutionListener, org.springframework.boot.test.autoconfigure.webservices.client.MockWebServiceServerTestExecutionListener, org.springframework.boot.test.mock.mockito.MockitoTestExecutionListener, org.springframework.boot.test.mock.mockito.ResetMocksTestExecutionListener, org.springframework.test.context.web.ServletTestExecutionListener, org.springframework.test.context.support.DirtiesContextBeforeModesTestExecutionListener, org.springframework.test.context.event.ApplicationEventsTestExecutionListener, org.springframework.test.context.support.DependencyInjectionTestExecutionListener, org.springframework.test.context.support.DirtiesContextTestExecutionListener, org.springframework.test.context.transaction.TransactionalTestExecutionListener, org.springframework.test.context.jdbc.SqlScriptsTestExecutionListener, org.springframework.test.context.event.EventPublishingTestExecutionListener]
18:26:58.480 [Test worker] INFO org.springframework.boot.test.context.SpringBootTestContextBootstrapper - Using TestExecutionListeners: [org.springframework.test.context.web.ServletTestExecutionListener@7ae743e3, org.springframework.test.context.support.DirtiesContextBeforeModesTestExecutionListener@ea3272b, org.springframework.test.context.event.ApplicationEventsTestExecutionListener@7d59cf7a, org.springframework.boot.test.mock.mockito.MockitoTestExecutionListener@249c394e, org.springframework.boot.test.autoconfigure.SpringBootDependencyInjectionTestExecutionListener@64248e65, org.springframework.test.context.support.DirtiesContextTestExecutionListener@732977b5, org.springframework.test.context.transaction.TransactionalTestExecutionListener@40b844b5, org.springframework.test.context.jdbc.SqlScriptsTestExecutionListener@5ab43a5, org.springframework.test.context.event.EventPublishingTestExecutionListener@453ca2d3, org.springframework.boot.test.autoconfigure.restdocs.RestDocsTestExecutionListener@7d90e11e, org.springframework.boot.test.autoconfigure.web.client.MockRestServiceServerResetTestExecutionListener@7f0f9ff5, org.springframework.boot.test.autoconfigure.web.servlet.MockMvcPrintOnlyOnFailureTestExecutionListener@20664dda, org.springframework.boot.test.autoconfigure.web.servlet.WebDriverTestExecutionListener@ec493f, org.springframework.boot.test.autoconfigure.webservices.client.MockWebServiceServerTestExecutionListener@7a8ec02d, org.springframework.boot.test.mock.mockito.ResetMocksTestExecutionListener@797d18be]
18:26:58.483 [Test worker] DEBUG org.springframework.test.context.support.AbstractDirtiesContextTestExecutionListener - Before test class: context [DefaultTestContext@d510383 testClass = IsolationTest, testInstance = [null], testMethod = [null], testException = [null], mergedContextConfiguration = [WebMergedContextConfiguration@5123b6cc testClass = IsolationTest, locations = '{}', classes = '{class study.spring.Main}', contextInitializerClasses = '[]', activeProfiles = '{}', propertySourceLocations = '{}', propertySourceProperties = '{org.springframework.boot.test.context.SpringBootTestContextBootstrapper=true}', contextCustomizers = set[org.springframework.boot.test.autoconfigure.actuate.metrics.MetricsExportContextCustomizerFactory$DisableMetricExportContextCustomizer@58a7f4b2, org.springframework.boot.test.autoconfigure.properties.PropertyMappingContextCustomizer@0, org.springframework.boot.test.autoconfigure.web.servlet.WebDriverContextCustomizerFactory$Customizer@2d3b5b26, org.springframework.boot.test.context.filter.ExcludeFilterContextCustomizer@1ec3bd29, org.springframework.boot.test.json.DuplicateJsonObjectContextCustomizerFactory$DuplicateJsonObjectContextCustomizer@4443d038, org.springframework.boot.test.mock.mockito.MockitoContextCustomizer@0, org.springframework.boot.test.web.client.TestRestTemplateContextCustomizer@3862c22c, org.springframework.boot.test.context.SpringBootTestArgs@1, org.springframework.boot.test.context.SpringBootTestWebEnvironment@28a1bc28], resourceBasePath = 'src/main/webapp', contextLoader = 'org.springframework.boot.test.context.SpringBootContextLoader', parent = [null]], attributes = map['org.springframework.test.context.web.ServletTestExecutionListener.activateListener' -> true]], class annotated with @DirtiesContext [false] with mode [null].

  .   ____          _            __ _ _
 /\\ / ___'_ __ _ _(_)_ __  __ _ \ \ \ \
( ( )\___ | '_ | '_| | '_ \/ _` | \ \ \ \
 \\/  ___)| |_)| | | | | || (_| |  ) ) ) )
  '  |____| .__|_| |_|_| |_\__, | / / / /
 =========|_|==============|___/=/_/_/_/
 :: Spring Boot ::                (v2.6.6)

2022-09-16 18:26:58.997  INFO 16627 --- [    Test worker] s.s.t.isolation.IsolationTest            : Starting IsolationTest using Java 11.0.13 on cjlee-MacBookPro.local with PID 16627 (started by cjlee in /Users/cjlee/Desktop/wooteco/playground/spring-playground)
2022-09-16 18:26:59.000  INFO 16627 --- [    Test worker] s.s.t.isolation.IsolationTest            : No active profile set, falling back to 1 default profile: "default"
2022-09-16 18:26:59.930  INFO 16627 --- [    Test worker] .s.d.r.c.RepositoryConfigurationDelegate : Bootstrapping Spring Data JPA repositories in DEFAULT mode.
2022-09-16 18:26:59.970  INFO 16627 --- [    Test worker] .s.d.r.c.RepositoryConfigurationDelegate : Finished Spring Data repository scanning in 33 ms. Found 1 JPA repository interfaces.
2022-09-16 18:27:00.316  INFO 16627 --- [    Test worker] trationDelegate$BeanPostProcessorChecker : Bean 'pl.allegro.tech.boot.autoconfigure.handlebars.HandlebarsHelpersAutoConfiguration' of type [pl.allegro.tech.boot.autoconfigure.handlebars.HandlebarsHelpersAutoConfiguration$$EnhancerBySpringCGLIB$$4ceb716f] is not eligible for getting processed by all BeanPostProcessors (for example: not eligible for auto-proxying)
2022-09-16 18:27:00.334  INFO 16627 --- [    Test worker] trationDelegate$BeanPostProcessorChecker : Bean 'handlebars.resolver-pl.allegro.tech.boot.autoconfigure.handlebars.HandlebarsValueResolversProperties' of type [pl.allegro.tech.boot.autoconfigure.handlebars.HandlebarsValueResolversProperties] is not eligible for getting processed by all BeanPostProcessors (for example: not eligible for auto-proxying)
2022-09-16 18:27:00.340  INFO 16627 --- [    Test worker] trationDelegate$BeanPostProcessorChecker : Bean 'handlebars-pl.allegro.tech.boot.autoconfigure.handlebars.HandlebarsProperties' of type [pl.allegro.tech.boot.autoconfigure.handlebars.HandlebarsProperties] is not eligible for getting processed by all BeanPostProcessors (for example: not eligible for auto-proxying)
2022-09-16 18:27:00.342  INFO 16627 --- [    Test worker] trationDelegate$BeanPostProcessorChecker : Bean 'pl.allegro.tech.boot.autoconfigure.handlebars.HandlebarsAutoConfiguration$HandlebarsViewResolverConfiguration' of type [pl.allegro.tech.boot.autoconfigure.handlebars.HandlebarsAutoConfiguration$HandlebarsViewResolverConfiguration$$EnhancerBySpringCGLIB$$5fd29c0d] is not eligible for getting processed by all BeanPostProcessors (for example: not eligible for auto-proxying)
2022-09-16 18:27:00.395  INFO 16627 --- [    Test worker] trationDelegate$BeanPostProcessorChecker : Bean 'handlebarsViewResolver' of type [com.github.jknack.handlebars.springmvc.HandlebarsViewResolver] is not eligible for getting processed by all BeanPostProcessors (for example: not eligible for auto-proxying)
2022-09-16 18:27:00.553  INFO 16627 --- [    Test worker] com.zaxxer.hikari.HikariDataSource       : HikariPool-1 - Starting...
2022-09-16 18:27:00.949  INFO 16627 --- [    Test worker] com.zaxxer.hikari.HikariDataSource       : HikariPool-1 - Start completed.
2022-09-16 18:27:01.028  INFO 16627 --- [    Test worker] o.hibernate.jpa.internal.util.LogHelper  : HHH000204: Processing PersistenceUnitInfo [name: default]
2022-09-16 18:27:01.090  INFO 16627 --- [    Test worker] org.hibernate.Version                    : HHH000412: Hibernate ORM core version 5.6.7.Final
2022-09-16 18:27:01.334  INFO 16627 --- [    Test worker] o.hibernate.annotations.common.Version   : HCANN000001: Hibernate Commons Annotations {5.1.2.Final}
2022-09-16 18:27:01.464  INFO 16627 --- [    Test worker] org.hibernate.dialect.Dialect            : HHH000400: Using dialect: org.hibernate.dialect.MySQL57Dialect
2022-09-16 18:27:02.000  INFO 16627 --- [    Test worker] o.h.e.t.j.p.i.JtaPlatformInitiator       : HHH000490: Using JtaPlatform implementation: [org.hibernate.engine.transaction.jta.platform.internal.NoJtaPlatform]
2022-09-16 18:27:02.008  INFO 16627 --- [    Test worker] j.LocalContainerEntityManagerFactoryBean : Initialized JPA EntityManagerFactory for persistence unit 'default'
2022-09-16 18:27:02.553  WARN 16627 --- [    Test worker] JpaBaseConfiguration$JpaWebConfiguration : spring.jpa.open-in-view is enabled by default. Therefore, database queries may be performed during view rendering. Explicitly configure spring.jpa.open-in-view to disable this warning
2022-09-16 18:27:03.216  WARN 16627 --- [    Test worker] c.g.jknack.handlebars.HelperRegistry     : Helper 'capitalize' has been replaced by 'capitalize'
2022-09-16 18:27:03.216  WARN 16627 --- [    Test worker] c.g.jknack.handlebars.HelperRegistry     : Helper 'slugify' has been replaced by 'slugify'
2022-09-16 18:27:03.216  WARN 16627 --- [    Test worker] c.g.jknack.handlebars.HelperRegistry     : Helper 'wordWrap' has been replaced by 'wordWrap'
2022-09-16 18:27:03.250  INFO 16627 --- [    Test worker] s.s.t.isolation.IsolationTest            : Started IsolationTest in 4.737 seconds (JVM running for 5.744)
]]></system-out>
  <system-err><![CDATA[]]></system-err>
</testsuite>
